<?xml version="1.0" encoding="UTF-8"?>
<testsuite name="kpi.pavlenko.shvets.coursework.service.CustomUserDetailsServiceTest" tests="2" skipped="0" failures="0" errors="0" timestamp="2026-05-20T12:04:46.683Z" hostname="DESKTOP-MJO9OOU" time="0.009">
  <properties/>
  <testcase name="loadUserByUsername_shouldThrowUsernameNotFoundException_whenUserDoesNotExist()" classname="kpi.pavlenko.shvets.coursework.service.CustomUserDetailsServiceTest" time="0.001"/>
  <testcase name="loadUserByUsername_shouldReturnUserDetails_whenUserExists()" classname="kpi.pavlenko.shvets.coursework.service.CustomUserDetailsServiceTest" time="0.007"/>
  <system-out><![CDATA[]]></system-out>
  <system-err><![CDATA[]]></system-err>
</testsuite>
