<?xml version="1.0" encoding="UTF-8"?>
<testsuite name="kpi.pavlenko.shvets.coursework.controller.PasswordResetControllerTest" tests="6" skipped="0" failures="0" errors="0" timestamp="2026-05-20T12:04:45.280Z" hostname="DESKTOP-MJO9OOU" time="0.262">
  <properties/>
  <testcase name="showResetPasswordForm_shouldRedirectToLogin_whenTokenIsInvalid()" classname="kpi.pavlenko.shvets.coursework.controller.PasswordResetControllerTest" time="0.006"/>
  <testcase name="showForgotPasswordForm_shouldReturnForgotPasswordView()" classname="kpi.pavlenko.shvets.coursework.controller.PasswordResetControllerTest" time="0.014"/>
  <testcase name="processResetPassword_shouldResetPasswordAndRedirectToLoginWithSuccess_whenPasswordsMatchAndTokenIsValid()" classname="kpi.pavlenko.shvets.coursework.controller.PasswordResetControllerTest" time="0.005"/>
  <testcase name="showResetPasswordForm_shouldReturnResetPasswordView_whenTokenIsValid()" classname="kpi.pavlenko.shvets.coursework.controller.PasswordResetControllerTest" time="0.005"/>
  <testcase name="processForgotPasswordRequest_shouldCreateTokenAndRedirectWithSuccess()" classname="kpi.pavlenko.shvets.coursework.controller.PasswordResetControllerTest" time="0.004"/>
  <testcase name="processForgotPasswordRequest_shouldHandleServiceExceptionAndRedirectWithError()" classname="kpi.pavlenko.shvets.coursework.controller.PasswordResetControllerTest" time="0.004"/>
  <system-out><![CDATA[2026-05-20T12:04:45.281Z  INFO 9684 --- [    Test worker] t.c.s.AnnotationConfigContextLoaderUtils : Could not detect default configuration classes for test class [kpi.pavlenko.shvets.coursework.controller.PasswordResetControllerTest]: PasswordResetControllerTest does not declare any static, non-private, non-final, nested classes annotated with @Configuration.
2026-05-20T12:04:45.289Z  INFO 9684 --- [    Test worker] .b.t.c.SpringBootTestContextBootstrapper : Found @SpringBootConfiguration kpi.pavlenko.shvets.coursework.CourseworkApplication for test class kpi.pavlenko.shvets.coursework.controller.PasswordResetControllerTest

  .   ____          _            __ _ _
 /\\ / ___'_ __ _ _(_)_ __  __ _ \ \ \ \
( ( )\___ | '_ | '_| | '_ \/ _` | \ \ \ \
 \\/  ___)| |_)| | | | | || (_| |  ) ) ) )
  '  |____| .__|_| |_|_| |_\__, | / / / /
 =========|_|==============|___/=/_/_/_/
 :: Spring Boot ::                (v3.2.6)

2026-05-20T12:04:45.314Z  INFO 9684 --- [    Test worker] k.p.s.c.c.PasswordResetControllerTest    : Starting PasswordResetControllerTest using Java 21.0.11 with PID 9684 (started by wolfr in D:\coursework-main)
2026-05-20T12:04:45.314Z  INFO 9684 --- [    Test worker] k.p.s.c.c.PasswordResetControllerTest    : No active profile set, falling back to 1 default profile: "default"
2026-05-20T12:04:45.466Z  INFO 9684 --- [    Test worker] o.s.s.web.DefaultSecurityFilterChain     : Will secure any request with [org.springframework.security.web.session.DisableEncodeUrlFilter@304551d8, org.springframework.security.web.context.request.async.WebAsyncManagerIntegrationFilter@115c112, org.springframework.security.web.context.SecurityContextHolderFilter@44eeaf3, org.springframework.security.web.header.HeaderWriterFilter@3223ac36, org.springframework.web.filter.CorsFilter@3c4a710c, org.springframework.security.web.csrf.CsrfFilter@2d745993, org.springframework.security.web.authentication.logout.LogoutFilter@55e2bb1d, org.springframework.security.web.authentication.UsernamePasswordAuthenticationFilter@70bf2681, org.springframework.security.web.savedrequest.RequestCacheAwareFilter@4ecd1236, org.springframework.security.web.servletapi.SecurityContextHolderAwareRequestFilter@61a045c5, org.springframework.security.web.authentication.AnonymousAuthenticationFilter@35c8d32a, org.springframework.security.web.session.SessionManagementFilter@bf982de, org.springframework.security.web.access.ExceptionTranslationFilter@7c06c9ed, org.springframework.security.web.access.intercept.AuthorizationFilter@1075a2ee]
2026-05-20T12:04:45.468Z  WARN 9684 --- [    Test worker] o.s.s.c.a.web.builders.WebSecurity       : You are asking Spring Security to ignore Ant [pattern='/forgot-password']. This is not recommended -- please use permitAll via HttpSecurity#authorizeHttpRequests instead.
2026-05-20T12:04:45.468Z  INFO 9684 --- [    Test worker] o.s.s.web.DefaultSecurityFilterChain     : Will not secure Ant [pattern='/forgot-password']
2026-05-20T12:04:45.468Z  WARN 9684 --- [    Test worker] o.s.s.c.a.web.builders.WebSecurity       : You are asking Spring Security to ignore Ant [pattern='/reset-password']. This is not recommended -- please use permitAll via HttpSecurity#authorizeHttpRequests instead.
2026-05-20T12:04:45.468Z  INFO 9684 --- [    Test worker] o.s.s.web.DefaultSecurityFilterChain     : Will not secure Ant [pattern='/reset-password']
2026-05-20T12:04:45.468Z  WARN 9684 --- [    Test worker] o.s.s.c.a.web.builders.WebSecurity       : You are asking Spring Security to ignore Ant [pattern='/css/**']. This is not recommended -- please use permitAll via HttpSecurity#authorizeHttpRequests instead.
2026-05-20T12:04:45.468Z  INFO 9684 --- [    Test worker] o.s.s.web.DefaultSecurityFilterChain     : Will not secure Ant [pattern='/css/**']
2026-05-20T12:04:45.468Z  WARN 9684 --- [    Test worker] o.s.s.c.a.web.builders.WebSecurity       : You are asking Spring Security to ignore Ant [pattern='/js/**']. This is not recommended -- please use permitAll via HttpSecurity#authorizeHttpRequests instead.
2026-05-20T12:04:45.468Z  INFO 9684 --- [    Test worker] o.s.s.web.DefaultSecurityFilterChain     : Will not secure Ant [pattern='/js/**']
2026-05-20T12:04:45.468Z  WARN 9684 --- [    Test worker] o.s.s.c.a.web.builders.WebSecurity       : You are asking Spring Security to ignore Ant [pattern='/images/**']. This is not recommended -- please use permitAll via HttpSecurity#authorizeHttpRequests instead.
2026-05-20T12:04:45.468Z  INFO 9684 --- [    Test worker] o.s.s.web.DefaultSecurityFilterChain     : Will not secure Ant [pattern='/images/**']
2026-05-20T12:04:45.495Z  INFO 9684 --- [    Test worker] o.s.b.t.m.w.SpringBootMockServletContext : Initializing Spring TestDispatcherServlet ''
2026-05-20T12:04:45.495Z  INFO 9684 --- [    Test worker] o.s.t.web.servlet.TestDispatcherServlet  : Initializing Servlet ''
2026-05-20T12:04:45.496Z  INFO 9684 --- [    Test worker] o.s.t.web.servlet.TestDispatcherServlet  : Completed initialization in 1 ms
2026-05-20T12:04:45.499Z  INFO 9684 --- [    Test worker] k.p.s.c.c.PasswordResetControllerTest    : Started PasswordResetControllerTest in 0.207 seconds (process running for 10.395)
]]></system-out>
  <system-err><![CDATA[]]></system-err>
</testsuite>
