<?xml version="1.0" encoding="UTF-8"?>
<testsuite name="kpi.pavlenko.shvets.coursework.controller.NotificationControllerTest" tests="6" skipped="0" failures="0" errors="0" timestamp="2026-05-20T12:04:45.063Z" hostname="DESKTOP-MJO9OOU" time="0.216">
  <properties/>
  <testcase name="deleteNotification_shouldHandleServiceException()" classname="kpi.pavlenko.shvets.coursework.controller.NotificationControllerTest" time="0.008"/>
  <testcase name="markAsRead_shouldHandleServiceException()" classname="kpi.pavlenko.shvets.coursework.controller.NotificationControllerTest" time="0.005"/>
  <testcase name="list_shouldHandleServiceException()" classname="kpi.pavlenko.shvets.coursework.controller.NotificationControllerTest" time="0.004"/>
  <testcase name="markAsRead_shouldMarkNotificationAsReadAndRedirect()" classname="kpi.pavlenko.shvets.coursework.controller.NotificationControllerTest" time="0.004"/>
  <testcase name="deleteNotification_shouldDeleteNotificationAndRedirect()" classname="kpi.pavlenko.shvets.coursework.controller.NotificationControllerTest" time="0.003"/>
  <testcase name="list_shouldReturnNotificationListView()" classname="kpi.pavlenko.shvets.coursework.controller.NotificationControllerTest" time="0.021"/>
  <system-out><![CDATA[2026-05-20T12:04:45.065Z  INFO 9684 --- [    Test worker] t.c.s.AnnotationConfigContextLoaderUtils : Could not detect default configuration classes for test class [kpi.pavlenko.shvets.coursework.controller.NotificationControllerTest]: NotificationControllerTest does not declare any static, non-private, non-final, nested classes annotated with @Configuration.
2026-05-20T12:04:45.069Z  INFO 9684 --- [    Test worker] .b.t.c.SpringBootTestContextBootstrapper : Found @SpringBootConfiguration kpi.pavlenko.shvets.coursework.CourseworkApplication for test class kpi.pavlenko.shvets.coursework.controller.NotificationControllerTest

  .   ____          _            __ _ _
 /\\ / ___'_ __ _ _(_)_ __  __ _ \ \ \ \
( ( )\___ | '_ | '_| | '_ \/ _` | \ \ \ \
 \\/  ___)| |_)| | | | | || (_| |  ) ) ) )
  '  |____| .__|_| |_|_| |_\__, | / / / /
 =========|_|==============|___/=/_/_/_/
 :: Spring Boot ::                (v3.2.6)

2026-05-20T12:04:45.082Z  INFO 9684 --- [    Test worker] k.p.s.c.c.NotificationControllerTest     : Starting NotificationControllerTest using Java 21.0.11 with PID 9684 (started by wolfr in D:\coursework-main)
2026-05-20T12:04:45.082Z  INFO 9684 --- [    Test worker] k.p.s.c.c.NotificationControllerTest     : No active profile set, falling back to 1 default profile: "default"
2026-05-20T12:04:45.220Z  INFO 9684 --- [    Test worker] o.s.s.web.DefaultSecurityFilterChain     : Will secure any request with [org.springframework.security.web.session.DisableEncodeUrlFilter@6d91855, org.springframework.security.web.context.request.async.WebAsyncManagerIntegrationFilter@28f9b308, org.springframework.security.web.context.SecurityContextHolderFilter@716f3b97, org.springframework.security.web.header.HeaderWriterFilter@193863aa, org.springframework.web.filter.CorsFilter@243171b6, org.springframework.security.web.csrf.CsrfFilter@265be652, org.springframework.security.web.authentication.logout.LogoutFilter@51dfa3c5, org.springframework.security.oauth2.client.web.OAuth2AuthorizationRequestRedirectFilter@5512216e, org.springframework.security.oauth2.client.web.OAuth2AuthorizationRequestRedirectFilter@40d983b2, org.springframework.security.oauth2.client.web.OAuth2LoginAuthenticationFilter@17672d33, org.springframework.security.web.authentication.ui.DefaultLoginPageGeneratingFilter@28be6382, org.springframework.security.web.authentication.ui.DefaultLogoutPageGeneratingFilter@44143892, org.springframework.security.web.savedrequest.RequestCacheAwareFilter@87f2a9e, org.springframework.security.web.servletapi.SecurityContextHolderAwareRequestFilter@72416b53, org.springframework.security.web.authentication.AnonymousAuthenticationFilter@a419bf5, org.springframework.security.oauth2.client.web.OAuth2AuthorizationCodeGrantFilter@4284483a, org.springframework.security.web.access.ExceptionTranslationFilter@4f66b446, org.springframework.security.web.access.intercept.AuthorizationFilter@79ff741f]
2026-05-20T12:04:45.226Z  INFO 9684 --- [    Test worker] o.s.b.t.m.w.SpringBootMockServletContext : Initializing Spring TestDispatcherServlet ''
2026-05-20T12:04:45.226Z  INFO 9684 --- [    Test worker] o.s.t.web.servlet.TestDispatcherServlet  : Initializing Servlet ''
2026-05-20T12:04:45.226Z  INFO 9684 --- [    Test worker] o.s.t.web.servlet.TestDispatcherServlet  : Completed initialization in 0 ms
2026-05-20T12:04:45.229Z  INFO 9684 --- [    Test worker] k.p.s.c.c.NotificationControllerTest     : Started NotificationControllerTest in 0.158 seconds (process running for 10.125)
2026-05-20T12:04:45.235Z ERROR 9684 --- [    Test worker] k.p.s.c.c.NotificationController         : An error occurred in NotificationController: Delete failed.
2026-05-20T12:04:45.242Z ERROR 9684 --- [    Test worker] k.p.s.c.c.NotificationController         : An error occurred in NotificationController: Notification not found.
2026-05-20T12:04:45.249Z ERROR 9684 --- [    Test worker] k.p.s.c.c.NotificationController         : An error occurred in NotificationController: User not found.
]]></system-out>
  <system-err><![CDATA[]]></system-err>
</testsuite>
