<?xml version="1.0" encoding="UTF-8"?>
<testsuite name="kpi.pavlenko.shvets.coursework.observer.ScheduleChangeObserverTest" tests="4" skipped="0" failures="0" errors="0" timestamp="2026-05-20T12:04:46.402Z" hostname="DESKTOP-MJO9OOU" time="0.007">
  <properties/>
  <testcase name="update_shouldCreateNotification_whenAppointmentCreatedEvent()" classname="kpi.pavlenko.shvets.coursework.observer.ScheduleChangeObserverTest" time="0.002"/>
  <testcase name="update_shouldDoNothing_whenOtherEventType()" classname="kpi.pavlenko.shvets.coursework.observer.ScheduleChangeObserverTest" time="0.002"/>
  <testcase name="update_shouldCreateNotification_whenScheduleChangedEvent()" classname="kpi.pavlenko.shvets.coursework.observer.ScheduleChangeObserverTest" time="0.001"/>
  <testcase name="update_shouldCreateNotification_whenAppointmentCancelledEvent()" classname="kpi.pavlenko.shvets.coursework.observer.ScheduleChangeObserverTest" time="0.001"/>
  <system-out><![CDATA[]]></system-out>
  <system-err><![CDATA[]]></system-err>
</testsuite>
