<?xml version="1.0" encoding="UTF-8"?>
<testsuite name="kpi.pavlenko.shvets.coursework.observer.UnpaidInvoiceObserverTest" tests="2" skipped="0" failures="0" errors="0" timestamp="2026-05-20T12:04:46.410Z" hostname="DESKTOP-MJO9OOU" time="0.003">
  <properties/>
  <testcase name="update_shouldPrintMessage_whenInvoiceCreatedEvent()" classname="kpi.pavlenko.shvets.coursework.observer.UnpaidInvoiceObserverTest" time="0.001"/>
  <testcase name="update_shouldDoNothing_whenOtherEventType()" classname="kpi.pavlenko.shvets.coursework.observer.UnpaidInvoiceObserverTest" time="0.001"/>
  <system-out><![CDATA[]]></system-out>
  <system-err><![CDATA[]]></system-err>
</testsuite>
