<?xml version="1.0" encoding="UTF-8"?>
<testsuite name="kpi.pavlenko.shvets.coursework.controller.StaffControllerTest" tests="13" skipped="0" failures="0" errors="0" timestamp="2026-05-20T12:04:45.883Z" hostname="DESKTOP-MJO9OOU" time="0.27">
  <properties/>
  <testcase name="create_shouldHandleServiceException()" classname="kpi.pavlenko.shvets.coursework.controller.StaffControllerTest" time="0.007"/>
  <testcase name="create_shouldCreateStaffAndRedirect_whenValidData()" classname="kpi.pavlenko.shvets.coursework.controller.StaffControllerTest" time="0.004"/>
  <testcase name="delete_shouldDeleteStaffAndRedirect()" classname="kpi.pavlenko.shvets.coursework.controller.StaffControllerTest" time="0.004"/>
  <testcase name="staffEndpoints_shouldBeForbiddenForPatient()" classname="kpi.pavlenko.shvets.coursework.controller.StaffControllerTest" time="0.003"/>
  <testcase name="update_shouldHandleServiceException()" classname="kpi.pavlenko.shvets.coursework.controller.StaffControllerTest" time="0.005"/>
  <testcase name="staffEndpoints_shouldBeForbiddenForDoctor()" classname="kpi.pavlenko.shvets.coursework.controller.StaffControllerTest" time="0.003"/>
  <testcase name="editForm_shouldReturnEditForm_whenStaffExists()" classname="kpi.pavlenko.shvets.coursework.controller.StaffControllerTest" time="0.019"/>
  <testcase name="update_shouldUpdateStaffAndRedirect()" classname="kpi.pavlenko.shvets.coursework.controller.StaffControllerTest" time="0.004"/>
  <testcase name="newForm_shouldReturnNewStaffForm()" classname="kpi.pavlenko.shvets.coursework.controller.StaffControllerTest" time="0.006"/>
  <testcase name="editForm_shouldHandleStaffNotFound()" classname="kpi.pavlenko.shvets.coursework.controller.StaffControllerTest" time="0.004"/>
  <testcase name="list_shouldReturnStaffListView()" classname="kpi.pavlenko.shvets.coursework.controller.StaffControllerTest" time="0.009"/>
  <testcase name="delete_shouldHandleServiceException()" classname="kpi.pavlenko.shvets.coursework.controller.StaffControllerTest" time="0.004"/>
  <testcase name="staffEndpoints_shouldRequireAuthentication()" classname="kpi.pavlenko.shvets.coursework.controller.StaffControllerTest" time="0.003"/>
  <system-out><![CDATA[2026-05-20T12:04:45.884Z  INFO 9684 --- [    Test worker] t.c.s.AnnotationConfigContextLoaderUtils : Could not detect default configuration classes for test class [kpi.pavlenko.shvets.coursework.controller.StaffControllerTest]: StaffControllerTest does not declare any static, non-private, non-final, nested classes annotated with @Configuration.
2026-05-20T12:04:45.889Z  INFO 9684 --- [    Test worker] .b.t.c.SpringBootTestContextBootstrapper : Found @SpringBootConfiguration kpi.pavlenko.shvets.coursework.CourseworkApplication for test class kpi.pavlenko.shvets.coursework.controller.StaffControllerTest

  .   ____          _            __ _ _
 /\\ / ___'_ __ _ _(_)_ __  __ _ \ \ \ \
( ( )\___ | '_ | '_| | '_ \/ _` | \ \ \ \
 \\/  ___)| |_)| | | | | || (_| |  ) ) ) )
  '  |____| .__|_| |_|_| |_\__, | / / / /
 =========|_|==============|___/=/_/_/_/
 :: Spring Boot ::                (v3.2.6)

2026-05-20T12:04:45.903Z  INFO 9684 --- [    Test worker] k.p.s.c.controller.StaffControllerTest   : Starting StaffControllerTest using Java 21.0.11 with PID 9684 (started by wolfr in D:\coursework-main)
2026-05-20T12:04:45.903Z  INFO 9684 --- [    Test worker] k.p.s.c.controller.StaffControllerTest   : No active profile set, falling back to 1 default profile: "default"
2026-05-20T12:04:46.040Z  INFO 9684 --- [    Test worker] o.s.s.web.DefaultSecurityFilterChain     : Will secure any request with [org.springframework.security.web.session.DisableEncodeUrlFilter@30e1be80, org.springframework.security.web.context.request.async.WebAsyncManagerIntegrationFilter@552124f8, org.springframework.security.web.context.SecurityContextHolderFilter@159aacd8, org.springframework.security.web.header.HeaderWriterFilter@2f816d78, org.springframework.web.filter.CorsFilter@30094d11, org.springframework.security.web.csrf.CsrfFilter@3a4f4ec9, org.springframework.security.web.authentication.logout.LogoutFilter@42b764b3, org.springframework.security.web.authentication.UsernamePasswordAuthenticationFilter@498ad9fe, org.springframework.security.web.savedrequest.RequestCacheAwareFilter@6f22c8e0, org.springframework.security.web.servletapi.SecurityContextHolderAwareRequestFilter@4b6c92d1, org.springframework.security.web.authentication.AnonymousAuthenticationFilter@2f5327c7, org.springframework.security.web.session.SessionManagementFilter@556389bb, org.springframework.security.web.access.ExceptionTranslationFilter@40a75caf, org.springframework.security.web.access.intercept.AuthorizationFilter@14fe3663]
2026-05-20T12:04:46.042Z  WARN 9684 --- [    Test worker] o.s.s.c.a.web.builders.WebSecurity       : You are asking Spring Security to ignore Ant [pattern='/forgot-password']. This is not recommended -- please use permitAll via HttpSecurity#authorizeHttpRequests instead.
2026-05-20T12:04:46.042Z  INFO 9684 --- [    Test worker] o.s.s.web.DefaultSecurityFilterChain     : Will not secure Ant [pattern='/forgot-password']
2026-05-20T12:04:46.042Z  WARN 9684 --- [    Test worker] o.s.s.c.a.web.builders.WebSecurity       : You are asking Spring Security to ignore Ant [pattern='/reset-password']. This is not recommended -- please use permitAll via HttpSecurity#authorizeHttpRequests instead.
2026-05-20T12:04:46.042Z  INFO 9684 --- [    Test worker] o.s.s.web.DefaultSecurityFilterChain     : Will not secure Ant [pattern='/reset-password']
2026-05-20T12:04:46.042Z  WARN 9684 --- [    Test worker] o.s.s.c.a.web.builders.WebSecurity       : You are asking Spring Security to ignore Ant [pattern='/css/**']. This is not recommended -- please use permitAll via HttpSecurity#authorizeHttpRequests instead.
2026-05-20T12:04:46.042Z  INFO 9684 --- [    Test worker] o.s.s.web.DefaultSecurityFilterChain     : Will not secure Ant [pattern='/css/**']
2026-05-20T12:04:46.042Z  WARN 9684 --- [    Test worker] o.s.s.c.a.web.builders.WebSecurity       : You are asking Spring Security to ignore Ant [pattern='/js/**']. This is not recommended -- please use permitAll via HttpSecurity#authorizeHttpRequests instead.
2026-05-20T12:04:46.042Z  INFO 9684 --- [    Test worker] o.s.s.web.DefaultSecurityFilterChain     : Will not secure Ant [pattern='/js/**']
2026-05-20T12:04:46.042Z  WARN 9684 --- [    Test worker] o.s.s.c.a.web.builders.WebSecurity       : You are asking Spring Security to ignore Ant [pattern='/images/**']. This is not recommended -- please use permitAll via HttpSecurity#authorizeHttpRequests instead.
2026-05-20T12:04:46.042Z  INFO 9684 --- [    Test worker] o.s.s.web.DefaultSecurityFilterChain     : Will not secure Ant [pattern='/images/**']
2026-05-20T12:04:46.068Z  INFO 9684 --- [    Test worker] o.s.b.t.m.w.SpringBootMockServletContext : Initializing Spring TestDispatcherServlet ''
2026-05-20T12:04:46.068Z  INFO 9684 --- [    Test worker] o.s.t.web.servlet.TestDispatcherServlet  : Initializing Servlet ''
2026-05-20T12:04:46.069Z  INFO 9684 --- [    Test worker] o.s.t.web.servlet.TestDispatcherServlet  : Completed initialization in 1 ms
2026-05-20T12:04:46.072Z  INFO 9684 --- [    Test worker] k.p.s.c.controller.StaffControllerTest   : Started StaffControllerTest in 0.181 seconds (process running for 10.968)
]]></system-out>
  <system-err><![CDATA[]]></system-err>
</testsuite>
