<?xml version="1.0" encoding="UTF-8"?>
<testsuite name="kpi.pavlenko.shvets.coursework.observer.AppointmentReminderObserverTest" tests="2" skipped="0" failures="0" errors="0" timestamp="2026-05-20T12:04:46.242Z" hostname="DESKTOP-MJO9OOU" time="0.16">
  <properties/>
  <testcase name="update_shouldCreateNotification_whenAppointmentCreatedEvent()" classname="kpi.pavlenko.shvets.coursework.observer.AppointmentReminderObserverTest" time="0.158"/>
  <testcase name="update_shouldDoNothing_whenOtherEventType()" classname="kpi.pavlenko.shvets.coursework.observer.AppointmentReminderObserverTest" time="0.002"/>
  <system-out><![CDATA[]]></system-out>
  <system-err><![CDATA[]]></system-err>
</testsuite>
